2023-10-14T13:56:22.918+05:30  INFO 10396 --- [restartedMain] c.l.s.StockmanagementApplication         : Starting StockmanagementApplication using Java 17.0.6 with PID 10396 (D:\Github\stockmanagement\stockmanagement\target\classes started by linge in D:\Github\stockmanagement)
2023-10-14T13:56:23.057+05:30  INFO 10396 --- [restartedMain] c.l.s.StockmanagementApplication         : No active profile set, falling back to 1 default profile: "default"
2023-10-14T13:56:25.581+05:30  INFO 10396 --- [restartedMain] .e.DevToolsPropertyDefaultsPostProcessor : Devtools property defaults active! Set 'spring.devtools.add-properties' to 'false' to disable
2023-10-14T13:56:25.644+05:30  INFO 10396 --- [restartedMain] .e.DevToolsPropertyDefaultsPostProcessor : For additional web related logging consider setting the 'logging.level.web' property to 'DEBUG'
2023-10-14T13:56:54.322+05:30  INFO 10396 --- [restartedMain] .s.d.r.c.RepositoryConfigurationDelegate : Bootstrapping Spring Data JPA repositories in DEFAULT mode.
2023-10-14T13:56:55.698+05:30  INFO 10396 --- [restartedMain] .s.d.r.c.RepositoryConfigurationDelegate : Finished Spring Data repository scanning in 1008 ms. Found 3 JPA repository interfaces.
2023-10-14T13:57:15.616+05:30  INFO 10396 --- [restartedMain] o.s.b.w.embedded.tomcat.TomcatWebServer  : Tomcat initialized with port(s): 8080 (http)
2023-10-14T13:57:15.841+05:30  INFO 10396 --- [restartedMain] o.apache.catalina.core.StandardService   : Starting service [Tomcat]
2023-10-14T13:57:16.250+05:30  INFO 10396 --- [restartedMain] o.apache.catalina.core.StandardEngine    : Starting Servlet engine: [Apache Tomcat/10.1.13]
2023-10-14T13:57:19.912+05:30  INFO 10396 --- [restartedMain] o.a.c.c.C.[Tomcat].[localhost].[/]       : Initializing Spring embedded WebApplicationContext
2023-10-14T13:57:19.915+05:30  INFO 10396 --- [restartedMain] w.s.c.ServletWebServerApplicationContext : Root WebApplicationContext: initialization completed in 54193 ms
2023-10-14T13:57:28.701+05:30  INFO 10396 --- [restartedMain] o.hibernate.jpa.internal.util.LogHelper  : HHH000204: Processing PersistenceUnitInfo [name: default]
2023-10-14T13:57:30.950+05:30  INFO 10396 --- [restartedMain] org.hibernate.Version                    : HHH000412: Hibernate ORM core version 6.2.9.Final
2023-10-14T13:57:31.316+05:30  INFO 10396 --- [restartedMain] org.hibernate.cfg.Environment            : HHH000406: Using bytecode reflection optimizer
2023-10-14T13:57:34.482+05:30  INFO 10396 --- [restartedMain] o.h.b.i.BytecodeProviderInitiator        : HHH000021: Bytecode provider name : bytebuddy
2023-10-14T13:57:42.310+05:30  INFO 10396 --- [restartedMain] o.s.o.j.p.SpringPersistenceUnitInfo      : No LoadTimeWeaver setup: ignoring JPA class transformer
2023-10-14T13:57:42.641+05:30  INFO 10396 --- [restartedMain] com.zaxxer.hikari.HikariDataSource       : HikariPool-1 - Starting...
2023-10-14T13:57:59.149+05:30  INFO 10396 --- [restartedMain] com.zaxxer.hikari.pool.HikariPool        : HikariPool-1 - Added connection com.mysql.cj.jdbc.ConnectionImpl@1eadb22b
2023-10-14T13:57:59.173+05:30  INFO 10396 --- [restartedMain] com.zaxxer.hikari.HikariDataSource       : HikariPool-1 - Start completed.
2023-10-14T13:58:22.953+05:30  WARN 10396 --- [restartedMain] org.hibernate.orm.deprecation            : HHH90000026: MySQL8Dialect has been deprecated; use org.hibernate.dialect.MySQLDialect instead
2023-10-14T13:58:36.807+05:30  INFO 10396 --- [restartedMain] o.h.b.i.BytecodeProviderInitiator        : HHH000021: Bytecode provider name : bytebuddy
2023-10-14T13:58:56.706+05:30  INFO 10396 --- [restartedMain] o.h.e.t.j.p.i.JtaPlatformInitiator       : HHH000490: Using JtaPlatform implementation: [org.hibernate.engine.transaction.jta.platform.internal.NoJtaPlatform]
2023-10-14T13:59:05.146+05:30  INFO 10396 --- [restartedMain] j.LocalContainerEntityManagerFactoryBean : Initialized JPA EntityManagerFactory for persistence unit 'default'
2023-10-14T13:59:16.841+05:30  WARN 10396 --- [restartedMain] JpaBaseConfiguration$JpaWebConfiguration : spring.jpa.open-in-view is enabled by default. Therefore, database queries may be performed during view rendering. Explicitly configure spring.jpa.open-in-view to disable this warning
2023-10-14T13:59:23.444+05:30  INFO 10396 --- [restartedMain] o.s.b.a.e.web.EndpointLinksResolver      : Exposing 1 endpoint(s) beneath base path '/actuator'
2023-10-14T13:59:24.667+05:30  INFO 10396 --- [restartedMain] o.s.s.web.DefaultSecurityFilterChain     : Will secure any request with [org.springframework.security.web.session.DisableEncodeUrlFilter@62ac1f3f, org.springframework.security.web.context.request.async.WebAsyncManagerIntegrationFilter@46488202, org.springframework.security.web.context.SecurityContextHolderFilter@59b65165, org.springframework.security.web.header.HeaderWriterFilter@3930fb6e, org.springframework.web.filter.CorsFilter@7631aaaf, org.springframework.security.web.authentication.logout.LogoutFilter@1e2b28ae, com.lingesh.stockmanagement.config.JwtAuthenticationFilter@32e20bfa, org.springframework.security.web.savedrequest.RequestCacheAwareFilter@4fb0eb82, org.springframework.security.web.servletapi.SecurityContextHolderAwareRequestFilter@1d1295b2, org.springframework.security.web.authentication.AnonymousAuthenticationFilter@68af4553, org.springframework.security.web.session.SessionManagementFilter@200488b1, org.springframework.security.web.access.ExceptionTranslationFilter@31689b91, org.springframework.security.web.access.intercept.AuthorizationFilter@4c8d19b9]
2023-10-14T13:59:34.145+05:30  INFO 10396 --- [restartedMain] o.s.b.d.a.OptionalLiveReloadServer       : LiveReload server is running on port 35729
2023-10-14T13:59:36.409+05:30  INFO 10396 --- [restartedMain] o.s.b.w.embedded.tomcat.TomcatWebServer  : Tomcat started on port(s): 8080 (http) with context path ''
2023-10-14T13:59:37.004+05:30  INFO 10396 --- [restartedMain] c.l.s.StockmanagementApplication         : Started StockmanagementApplication in 201.938 seconds (process running for 236.059)
